<?xml version="1.0" encoding="UTF-8"?>
<testsuite xmlns:xsi="http://www.w3.org/2001/XMLSchema-instance" xsi:noNamespaceSchemaLocation="https://maven.apache.org/surefire/maven-surefire-plugin/xsd/surefire-test-report.xsd" name="common.datetime.SimpleDateTests" time="0" tests="3" errors="0" skipped="0" failures="0">
  <properties>
    <property name="gopherProxySet" value="false"/>
    <property name="awt.toolkit" value="sun.lwawt.macosx.LWCToolkit"/>
    <property name="java.specification.version" value="11"/>
    <property name="sun.cpu.isalist" value=""/>
    <property name="sun.jnu.encoding" value="UTF-8"/>
    <property name="java.class.path" value="/Users/jehan/Desktop/learning/SpringAcademyTraining/lab/00-rewards-common/target/test-classes:/Users/jehan/Desktop/learning/SpringAcademyTraining/lab/00-rewards-common/target/classes:/Users/jehan/Documents/repository/org/hibernate/hibernate-entitymanager/5.6.12.Final/hibernate-entitymanager-5.6.12.Final.jar:/Users/jehan/Documents/repository/org/jboss/logging/jboss-logging/3.4.3.Final/jboss-logging-3.4.3.Final.jar:/Users/jehan/Documents/repository/org/hibernate/hibernate-core/5.6.12.Final/hibernate-core-5.6.12.Final.jar:/Users/jehan/Documents/repository/antlr/antlr/2.7.7/antlr-2.7.7.jar:/Users/jehan/Documents/repository/org/jboss/jandex/2.4.2.Final/jandex-2.4.2.Final.jar:/Users/jehan/Documents/repository/com/fasterxml/classmate/1.5.1/classmate-1.5.1.jar:/Users/jehan/Documents/repository/javax/activation/javax.activation-api/1.2.0/javax.activation-api-1.2.0.jar:/Users/jehan/Documents/repository/javax/xml/bind/jaxb-api/2.3.1/jaxb-api-2.3.1.jar:/Users/jehan/Documents/repository/org/glassfish/jaxb/jaxb-runtime/2.3.7/jaxb-runtime-2.3.7.jar:/Users/jehan/Documents/repository/org/glassfish/jaxb/txw2/2.3.7/txw2-2.3.7.jar:/Users/jehan/Documents/repository/com/sun/istack/istack-commons-runtime/3.0.12/istack-commons-runtime-3.0.12.jar:/Users/jehan/Documents/repository/com/sun/activation/jakarta.activation/1.2.2/jakarta.activation-1.2.2.jar:/Users/jehan/Documents/repository/org/hibernate/common/hibernate-commons-annotations/5.1.2.Final/hibernate-commons-annotations-5.1.2.Final.jar:/Users/jehan/Documents/repository/javax/persistence/javax.persistence-api/2.2/javax.persistence-api-2.2.jar:/Users/jehan/Documents/repository/net/bytebuddy/byte-buddy/1.12.18/byte-buddy-1.12.18.jar:/Users/jehan/Documents/repository/org/jboss/spec/javax/transaction/jboss-transaction-api_1.2_spec/1.1.1.Final/jboss-transaction-api_1.2_spec-1.1.1.Final.jar:/Users/jehan/Documents/repository/com/fasterxml/jackson/core/jackson-annotations/2.13.4/jackson-annotations-2.13.4.jar:/Users/jehan/Documents/repository/org/springframework/boot/spring-boot-starter/2.7.5/spring-boot-starter-2.7.5.jar:/Users/jehan/Documents/repository/org/springframework/boot/spring-boot/2.7.5/spring-boot-2.7.5.jar:/Users/jehan/Documents/repository/org/springframework/spring-context/5.3.23/spring-context-5.3.23.jar:/Users/jehan/Documents/repository/org/springframework/spring-aop/5.3.23/spring-aop-5.3.23.jar:/Users/jehan/Documents/repository/org/springframework/spring-expression/5.3.23/spring-expression-5.3.23.jar:/Users/jehan/Documents/repository/org/springframework/boot/spring-boot-autoconfigure/2.7.5/spring-boot-autoconfigure-2.7.5.jar:/Users/jehan/Documents/repository/org/springframework/boot/spring-boot-starter-logging/2.7.5/spring-boot-starter-logging-2.7.5.jar:/Users/jehan/Documents/repository/ch/qos/logback/logback-classic/1.2.11/logback-classic-1.2.11.jar:/Users/jehan/Documents/repository/ch/qos/logback/logback-core/1.2.11/logback-core-1.2.11.jar:/Users/jehan/Documents/repository/org/apache/logging/log4j/log4j-to-slf4j/2.17.2/log4j-to-slf4j-2.17.2.jar:/Users/jehan/Documents/repository/org/apache/logging/log4j/log4j-api/2.17.2/log4j-api-2.17.2.jar:/Users/jehan/Documents/repository/org/slf4j/jul-to-slf4j/1.7.36/jul-to-slf4j-1.7.36.jar:/Users/jehan/Documents/repository/jakarta/annotation/jakarta.annotation-api/1.3.5/jakarta.annotation-api-1.3.5.jar:/Users/jehan/Documents/repository/org/springframework/spring-core/5.3.23/spring-core-5.3.23.jar:/Users/jehan/Documents/repository/org/springframework/spring-jcl/5.3.23/spring-jcl-5.3.23.jar:/Users/jehan/Documents/repository/org/yaml/snakeyaml/1.30/snakeyaml-1.30.jar:/Users/jehan/Documents/repository/org/springframework/boot/spring-boot-starter-test/2.7.5/spring-boot-starter-test-2.7.5.jar:/Users/jehan/Documents/repository/org/springframework/boot/spring-boot-test/2.7.5/spring-boot-test-2.7.5.jar:/Users/jehan/Documents/repository/org/springframework/boot/spring-boot-test-autoconfigure/2.7.5/spring-boot-test-autoconfigure-2.7.5.jar:/Users/jehan/Documents/repository/com/jayway/jsonpath/json-path/2.7.0/json-path-2.7.0.jar:/Users/jehan/Documents/repository/net/minidev/json-smart/2.4.8/json-smart-2.4.8.jar:/Users/jehan/Documents/repository/net/minidev/accessors-smart/2.4.8/accessors-smart-2.4.8.jar:/Users/jehan/Documents/repository/org/ow2/asm/asm/9.1/asm-9.1.jar:/Users/jehan/Documents/repository/org/slf4j/slf4j-api/1.7.36/slf4j-api-1.7.36.jar:/Users/jehan/Documents/repository/jakarta/xml/bind/jakarta.xml.bind-api/2.3.3/jakarta.xml.bind-api-2.3.3.jar:/Users/jehan/Documents/repository/jakarta/activation/jakarta.activation-api/1.2.2/jakarta.activation-api-1.2.2.jar:/Users/jehan/Documents/repository/org/assertj/assertj-core/3.22.0/assertj-core-3.22.0.jar:/Users/jehan/Documents/repository/org/hamcrest/hamcrest/2.2/hamcrest-2.2.jar:/Users/jehan/Documents/repository/org/junit/jupiter/junit-jupiter/5.8.2/junit-jupiter-5.8.2.jar:/Users/jehan/Documents/repository/org/junit/jupiter/junit-jupiter-api/5.8.2/junit-jupiter-api-5.8.2.jar:/Users/jehan/Documents/repository/org/opentest4j/opentest4j/1.2.0/opentest4j-1.2.0.jar:/Users/jehan/Documents/repository/org/junit/platform/junit-platform-commons/1.8.2/junit-platform-commons-1.8.2.jar:/Users/jehan/Documents/repository/org/apiguardian/apiguardian-api/1.1.2/apiguardian-api-1.1.2.jar:/Users/jehan/Documents/repository/org/junit/jupiter/junit-jupiter-params/5.8.2/junit-jupiter-params-5.8.2.jar:/Users/jehan/Documents/repository/org/junit/jupiter/junit-jupiter-engine/5.8.2/junit-jupiter-engine-5.8.2.jar:/Users/jehan/Documents/repository/org/junit/platform/junit-platform-engine/1.8.2/junit-platform-engine-1.8.2.jar:/Users/jehan/Documents/repository/org/mockito/mockito-core/4.5.1/mockito-core-4.5.1.jar:/Users/jehan/Documents/repository/net/bytebuddy/byte-buddy-agent/1.12.18/byte-buddy-agent-1.12.18.jar:/Users/jehan/Documents/repository/org/objenesis/objenesis/3.2/objenesis-3.2.jar:/Users/jehan/Documents/repository/org/mockito/mockito-junit-jupiter/4.5.1/mockito-junit-jupiter-4.5.1.jar:/Users/jehan/Documents/repository/org/skyscreamer/jsonassert/1.5.1/jsonassert-1.5.1.jar:/Users/jehan/Documents/repository/com/vaadin/external/google/android-json/0.0.20131108.vaadin1/android-json-0.0.20131108.vaadin1.jar:/Users/jehan/Documents/repository/org/springframework/spring-test/5.3.23/spring-test-5.3.23.jar:/Users/jehan/Documents/repository/org/xmlunit/xmlunit-core/2.9.0/xmlunit-core-2.9.0.jar:/Users/jehan/Documents/repository/org/springframework/spring-jdbc/5.3.23/spring-jdbc-5.3.23.jar:/Users/jehan/Documents/repository/org/springframework/spring-beans/5.3.23/spring-beans-5.3.23.jar:/Users/jehan/Documents/repository/org/springframework/spring-tx/5.3.23/spring-tx-5.3.23.jar:/Users/jehan/Documents/repository/org/hsqldb/hsqldb/2.5.2/hsqldb-2.5.2.jar:"/>
    <property name="java.vm.vendor" value="JetBrains s.r.o."/>
    <property name="sun.arch.data.model" value="64"/>
    <property name="java.vendor.url" value="https://openjdk.java.net/"/>
    <property name="user.timezone" value=""/>
    <property name="java.vm.specification.version" value="11"/>
    <property name="os.name" value="Mac OS X"/>
    <property name="sun.java.launcher" value="SUN_STANDARD"/>
    <property name="user.country" value="PL"/>
    <property name="sun.boot.library.path" value="/Users/jehan/.sdkman/candidates/java/11.0.14.1-jbr/lib"/>
    <property name="sun.java.command" value="/Users/jehan/Desktop/learning/SpringAcademyTraining/lab/00-rewards-common/target/surefire/surefirebooter2212539520760225734.jar /Users/jehan/Desktop/learning/SpringAcademyTraining/lab/00-rewards-common/target/surefire 2025-01-07T12-10-13_793-jvmRun1 surefire266507867967357588tmp surefire_011584456689835974678tmp"/>
    <property name="http.nonProxyHosts" value="local|*.local|169.254/16|*.169.254/16"/>
    <property name="jdk.debug" value="release"/>
    <property name="surefire.test.class.path" value="/Users/jehan/Desktop/learning/SpringAcademyTraining/lab/00-rewards-common/target/test-classes:/Users/jehan/Desktop/learning/SpringAcademyTraining/lab/00-rewards-common/target/classes:/Users/jehan/Documents/repository/org/hibernate/hibernate-entitymanager/5.6.12.Final/hibernate-entitymanager-5.6.12.Final.jar:/Users/jehan/Documents/repository/org/jboss/logging/jboss-logging/3.4.3.Final/jboss-logging-3.4.3.Final.jar:/Users/jehan/Documents/repository/org/hibernate/hibernate-core/5.6.12.Final/hibernate-core-5.6.12.Final.jar:/Users/jehan/Documents/repository/antlr/antlr/2.7.7/antlr-2.7.7.jar:/Users/jehan/Documents/repository/org/jboss/jandex/2.4.2.Final/jandex-2.4.2.Final.jar:/Users/jehan/Documents/repository/com/fasterxml/classmate/1.5.1/classmate-1.5.1.jar:/Users/jehan/Documents/repository/javax/activation/javax.activation-api/1.2.0/javax.activation-api-1.2.0.jar:/Users/jehan/Documents/repository/javax/xml/bind/jaxb-api/2.3.1/jaxb-api-2.3.1.jar:/Users/jehan/Documents/repository/org/glassfish/jaxb/jaxb-runtime/2.3.7/jaxb-runtime-2.3.7.jar:/Users/jehan/Documents/repository/org/glassfish/jaxb/txw2/2.3.7/txw2-2.3.7.jar:/Users/jehan/Documents/repository/com/sun/istack/istack-commons-runtime/3.0.12/istack-commons-runtime-3.0.12.jar:/Users/jehan/Documents/repository/com/sun/activation/jakarta.activation/1.2.2/jakarta.activation-1.2.2.jar:/Users/jehan/Documents/repository/org/hibernate/common/hibernate-commons-annotations/5.1.2.Final/hibernate-commons-annotations-5.1.2.Final.jar:/Users/jehan/Documents/repository/javax/persistence/javax.persistence-api/2.2/javax.persistence-api-2.2.jar:/Users/jehan/Documents/repository/net/bytebuddy/byte-buddy/1.12.18/byte-buddy-1.12.18.jar:/Users/jehan/Documents/repository/org/jboss/spec/javax/transaction/jboss-transaction-api_1.2_spec/1.1.1.Final/jboss-transaction-api_1.2_spec-1.1.1.Final.jar:/Users/jehan/Documents/repository/com/fasterxml/jackson/core/jackson-annotations/2.13.4/jackson-annotations-2.13.4.jar:/Users/jehan/Documents/repository/org/springframework/boot/spring-boot-starter/2.7.5/spring-boot-starter-2.7.5.jar:/Users/jehan/Documents/repository/org/springframework/boot/spring-boot/2.7.5/spring-boot-2.7.5.jar:/Users/jehan/Documents/repository/org/springframework/spring-context/5.3.23/spring-context-5.3.23.jar:/Users/jehan/Documents/repository/org/springframework/spring-aop/5.3.23/spring-aop-5.3.23.jar:/Users/jehan/Documents/repository/org/springframework/spring-expression/5.3.23/spring-expression-5.3.23.jar:/Users/jehan/Documents/repository/org/springframework/boot/spring-boot-autoconfigure/2.7.5/spring-boot-autoconfigure-2.7.5.jar:/Users/jehan/Documents/repository/org/springframework/boot/spring-boot-starter-logging/2.7.5/spring-boot-starter-logging-2.7.5.jar:/Users/jehan/Documents/repository/ch/qos/logback/logback-classic/1.2.11/logback-classic-1.2.11.jar:/Users/jehan/Documents/repository/ch/qos/logback/logback-core/1.2.11/logback-core-1.2.11.jar:/Users/jehan/Documents/repository/org/apache/logging/log4j/log4j-to-slf4j/2.17.2/log4j-to-slf4j-2.17.2.jar:/Users/jehan/Documents/repository/org/apache/logging/log4j/log4j-api/2.17.2/log4j-api-2.17.2.jar:/Users/jehan/Documents/repository/org/slf4j/jul-to-slf4j/1.7.36/jul-to-slf4j-1.7.36.jar:/Users/jehan/Documents/repository/jakarta/annotation/jakarta.annotation-api/1.3.5/jakarta.annotation-api-1.3.5.jar:/Users/jehan/Documents/repository/org/springframework/spring-core/5.3.23/spring-core-5.3.23.jar:/Users/jehan/Documents/repository/org/springframework/spring-jcl/5.3.23/spring-jcl-5.3.23.jar:/Users/jehan/Documents/repository/org/yaml/snakeyaml/1.30/snakeyaml-1.30.jar:/Users/jehan/Documents/repository/org/springframework/boot/spring-boot-starter-test/2.7.5/spring-boot-starter-test-2.7.5.jar:/Users/jehan/Documents/repository/org/springframework/boot/spring-boot-test/2.7.5/spring-boot-test-2.7.5.jar:/Users/jehan/Documents/repository/org/springframework/boot/spring-boot-test-autoconfigure/2.7.5/spring-boot-test-autoconfigure-2.7.5.jar:/Users/jehan/Documents/repository/com/jayway/jsonpath/json-path/2.7.0/json-path-2.7.0.jar:/Users/jehan/Documents/repository/net/minidev/json-smart/2.4.8/json-smart-2.4.8.jar:/Users/jehan/Documents/repository/net/minidev/accessors-smart/2.4.8/accessors-smart-2.4.8.jar:/Users/jehan/Documents/repository/org/ow2/asm/asm/9.1/asm-9.1.jar:/Users/jehan/Documents/repository/org/slf4j/slf4j-api/1.7.36/slf4j-api-1.7.36.jar:/Users/jehan/Documents/repository/jakarta/xml/bind/jakarta.xml.bind-api/2.3.3/jakarta.xml.bind-api-2.3.3.jar:/Users/jehan/Documents/repository/jakarta/activation/jakarta.activation-api/1.2.2/jakarta.activation-api-1.2.2.jar:/Users/jehan/Documents/repository/org/assertj/assertj-core/3.22.0/assertj-core-3.22.0.jar:/Users/jehan/Documents/repository/org/hamcrest/hamcrest/2.2/hamcrest-2.2.jar:/Users/jehan/Documents/repository/org/junit/jupiter/junit-jupiter/5.8.2/junit-jupiter-5.8.2.jar:/Users/jehan/Documents/repository/org/junit/jupiter/junit-jupiter-api/5.8.2/junit-jupiter-api-5.8.2.jar:/Users/jehan/Documents/repository/org/opentest4j/opentest4j/1.2.0/opentest4j-1.2.0.jar:/Users/jehan/Documents/repository/org/junit/platform/junit-platform-commons/1.8.2/junit-platform-commons-1.8.2.jar:/Users/jehan/Documents/repository/org/apiguardian/apiguardian-api/1.1.2/apiguardian-api-1.1.2.jar:/Users/jehan/Documents/repository/org/junit/jupiter/junit-jupiter-params/5.8.2/junit-jupiter-params-5.8.2.jar:/Users/jehan/Documents/repository/org/junit/jupiter/junit-jupiter-engine/5.8.2/junit-jupiter-engine-5.8.2.jar:/Users/jehan/Documents/repository/org/junit/platform/junit-platform-engine/1.8.2/junit-platform-engine-1.8.2.jar:/Users/jehan/Documents/repository/org/mockito/mockito-core/4.5.1/mockito-core-4.5.1.jar:/Users/jehan/Documents/repository/net/bytebuddy/byte-buddy-agent/1.12.18/byte-buddy-agent-1.12.18.jar:/Users/jehan/Documents/repository/org/objenesis/objenesis/3.2/objenesis-3.2.jar:/Users/jehan/Documents/repository/org/mockito/mockito-junit-jupiter/4.5.1/mockito-junit-jupiter-4.5.1.jar:/Users/jehan/Documents/repository/org/skyscreamer/jsonassert/1.5.1/jsonassert-1.5.1.jar:/Users/jehan/Documents/repository/com/vaadin/external/google/android-json/0.0.20131108.vaadin1/android-json-0.0.20131108.vaadin1.jar:/Users/jehan/Documents/repository/org/springframework/spring-test/5.3.23/spring-test-5.3.23.jar:/Users/jehan/Documents/repository/org/xmlunit/xmlunit-core/2.9.0/xmlunit-core-2.9.0.jar:/Users/jehan/Documents/repository/org/springframework/spring-jdbc/5.3.23/spring-jdbc-5.3.23.jar:/Users/jehan/Documents/repository/org/springframework/spring-beans/5.3.23/spring-beans-5.3.23.jar:/Users/jehan/Documents/repository/org/springframework/spring-tx/5.3.23/spring-tx-5.3.23.jar:/Users/jehan/Documents/repository/org/hsqldb/hsqldb/2.5.2/hsqldb-2.5.2.jar:"/>
    <property name="sun.cpu.endian" value="little"/>
    <property name="user.home" value="/Users/jehan"/>
    <property name="user.language" value="en"/>
    <property name="java.specification.vendor" value="Oracle Corporation"/>
    <property name="java.version.date" value="2022-02-08"/>
    <property name="java.home" value="/Users/jehan/.sdkman/candidates/java/11.0.14.1-jbr"/>
    <property name="file.separator" value="/"/>
    <property name="basedir" value="/Users/jehan/Desktop/learning/SpringAcademyTraining/lab/00-rewards-common"/>
    <property name="java.vm.compressedOopsMode" value="Zero based"/>
    <property name="line.separator" value="&#10;"/>
    <property name="java.specification.name" value="Java Platform API Specification"/>
    <property name="java.vm.specification.vendor" value="Oracle Corporation"/>
    <property name="java.awt.graphicsenv" value="sun.awt.CGraphicsEnvironment"/>
    <property name="surefire.real.class.path" value="/Users/jehan/Desktop/learning/SpringAcademyTraining/lab/00-rewards-common/target/surefire/surefirebooter2212539520760225734.jar"/>
    <property name="sun.management.compiler" value="HotSpot 64-Bit Tiered Compilers"/>
    <property name="ftp.nonProxyHosts" value="local|*.local|169.254/16|*.169.254/16"/>
    <property name="java.runtime.version" value="11.0.14.1+1-b2043.11"/>
    <property name="user.name" value="jehan"/>
    <property name="path.separator" value=":"/>
    <property name="os.version" value="15.0.1"/>
    <property name="java.runtime.name" value="OpenJDK Runtime Environment"/>
    <property name="file.encoding" value="UTF-8"/>
    <property name="java.vm.name" value="OpenJDK 64-Bit Server VM"/>
    <property name="java.vendor.version" value="JBR-11.0.14.1.1-2043.11-jcef"/>
    <property name="localRepository" value="/Users/jehan/Documents/repository"/>
    <property name="java.vendor.url.bug" value="https://bugreport.java.com/bugreport/"/>
    <property name="java.io.tmpdir" value="/var/folders/vp/4_7ft8gj7pn7msy88gvzjsj40000gq/T/"/>
    <property name="java.version" value="11.0.14.1"/>
    <property name="user.dir" value="/Users/jehan/Desktop/learning/SpringAcademyTraining/lab/00-rewards-common"/>
    <property name="os.arch" value="aarch64"/>
    <property name="java.vm.specification.name" value="Java Virtual Machine Specification"/>
    <property name="java.awt.printerjob" value="sun.lwawt.macosx.CPrinterJob"/>
    <property name="sun.os.patch.level" value="unknown"/>
    <property name="java.library.path" value="/Users/jehan/Library/Java/Extensions:/Library/Java/Extensions:/Network/Library/Java/Extensions:/System/Library/Java/Extensions:/usr/lib/java:."/>
    <property name="java.vm.info" value="mixed mode"/>
    <property name="java.vendor" value="JetBrains s.r.o."/>
    <property name="java.vm.version" value="11.0.14.1+1-b2043.11"/>
    <property name="sun.io.unicode.encoding" value="UnicodeBig"/>
    <property name="java.class.version" value="55.0"/>
    <property name="socksNonProxyHosts" value="local|*.local|169.254/16|*.169.254/16"/>
  </properties>
  <testcase name="testToday" classname="common.datetime.SimpleDateTests" time="0"/>
  <testcase name="testValueOfDate" classname="common.datetime.SimpleDateTests" time="0"/>
  <testcase name="testValueOfTime" classname="common.datetime.SimpleDateTests" time="0"/>
</testsuite>