<?xml version="1.0" encoding="UTF-8"?>
<testsuite name="rewards.internal.RewardNetworkImplTests" tests="1" skipped="0" failures="0" errors="0" timestamp="2025-01-07T11:44:34" hostname="BTMAC-JGUIANG" time="0.011">
  <properties/>
  <testcase name="testRewardForDining()" classname="rewards.internal.RewardNetworkImplTests" time="0.011"/>
  <system-out><![CDATA[]]></system-out>
  <system-err><![CDATA[]]></system-err>
</testsuite>
